current directory: /home/novotny/Projects/novmar/meet-vpsfree/meet/.gems/gems/prism-1.4.0/ext/prism
/nix/store/4v2y8rp37y4cigqa8s2y6gnk5zkmkfdd-ruby-3.3.6/bin/ruby extconf.rb
checking for prism.h in /home/novotny/Projects/novmar/meet-vpsfree/meet/.gems/gems/prism-1.4.0/include... no
*** extconf.rb failed ***
Could not create Makefile due to some reason, probably lack of necessary
libraries and/or headers.  Check the mkmf.log file for more details.  You may
need configuration options.

Provided configuration options:
	--with-opt-dir
	--without-opt-dir
	--with-opt-include=${opt-dir}/include
	--without-opt-include
	--with-opt-lib=${opt-dir}/lib
	--without-opt-lib
	--with-make-prog
	--without-make-prog
	--srcdir=.
	--curdir
	--ruby=/nix/store/4v2y8rp37y4cigqa8s2y6gnk5zkmkfdd-ruby-3.3.6/bin/$(RUBY_BASE_NAME)
extconf.rb:78:in `<main>': prism.h is required (RuntimeError)

To see why this extension failed to compile, please check the mkmf.log which can be found here:

  /home/novotny/Projects/novmar/meet-vpsfree/meet/.gems/extensions/x86_64-linux/3.3.0/prism-1.4.0/mkmf.log

extconf failed, exit code 1
