current directory: /home/novotny/Projects/novmar/meet-vpsfree/meet/.gems/gems/json-2.10.2/ext/json/ext/parser
/nix/store/4v2y8rp37y4cigqa8s2y6gnk5zkmkfdd-ruby-3.3.6/bin/ruby extconf.rb
checking for rb_enc_interned_str() in ruby.h... yes
checking for rb_hash_new_capa() in ruby.h... yes
checking for rb_hash_bulk_insert() in ruby.h... yes
checking for rb_category_warn() in ruby.h... yes
checking for strnlen() in string.h... yes
checking for whether -std=c99 is accepted as CFLAGS... yes
creating Makefile

current directory: /home/novotny/Projects/novmar/meet-vpsfree/meet/.gems/gems/json-2.10.2/ext/json/ext/parser
make DESTDIR\= sitearchdir\=./.gem.20250313-346074-b16c2u sitelibdir\=./.gem.20250313-346074-b16c2u clean

current directory: /home/novotny/Projects/novmar/meet-vpsfree/meet/.gems/gems/json-2.10.2/ext/json/ext/parser
make DESTDIR\= sitearchdir\=./.gem.20250313-346074-b16c2u sitelibdir\=./.gem.20250313-346074-b16c2u
compiling parser.c
linking shared-object json/ext/parser.so

current directory: /home/novotny/Projects/novmar/meet-vpsfree/meet/.gems/gems/json-2.10.2/ext/json/ext/parser
make DESTDIR\= sitearchdir\=./.gem.20250313-346074-b16c2u sitelibdir\=./.gem.20250313-346074-b16c2u install
install -c -p -m 755 parser.so ./.gem.20250313-346074-b16c2u/json/ext

current directory: /home/novotny/Projects/novmar/meet-vpsfree/meet/.gems/gems/json-2.10.2/ext/json/ext/parser
make DESTDIR\= sitearchdir\=./.gem.20250313-346074-b16c2u sitelibdir\=./.gem.20250313-346074-b16c2u clean
