current directory: /home/novotny/Projects/novmar/meet-vpsfree/meet/.gems/gems/io-console-0.8.0/ext/io/console
/nix/store/4v2y8rp37y4cigqa8s2y6gnk5zkmkfdd-ruby-3.3.6/bin/ruby extconf.rb
checking for rb_syserr_fail_str(0, Qnil)... yes
checking for rb_interned_str_cstr()... yes
checking for rb_io_path()... yes
checking for rb_io_descriptor()... yes
checking for rb_io_get_write_io()... yes
checking for rb_io_closed_p()... yes
checking for rb_io_open_descriptor()... yes
checking for rb_ractor_local_storage_value_newkey()... yes
checking for termios.h... yes
checking for cfmakeraw() in termios.h... yes
checking for sys/ioctl.h... yes
checking for HAVE_RUBY_FIBER_SCHEDULER_H... yes
checking for ttyname_r()... yes
creating Makefile

current directory: /home/novotny/Projects/novmar/meet-vpsfree/meet/.gems/gems/io-console-0.8.0/ext/io/console
make DESTDIR\= sitearchdir\=./.gem.20250313-346074-43hhzg sitelibdir\=./.gem.20250313-346074-43hhzg clean

current directory: /home/novotny/Projects/novmar/meet-vpsfree/meet/.gems/gems/io-console-0.8.0/ext/io/console
make DESTDIR\= sitearchdir\=./.gem.20250313-346074-43hhzg sitelibdir\=./.gem.20250313-346074-43hhzg
compiling console.c
linking shared-object io/console.so

current directory: /home/novotny/Projects/novmar/meet-vpsfree/meet/.gems/gems/io-console-0.8.0/ext/io/console
make DESTDIR\= sitearchdir\=./.gem.20250313-346074-43hhzg sitelibdir\=./.gem.20250313-346074-43hhzg install
install -c -p -m 755 console.so ./.gem.20250313-346074-43hhzg/io

current directory: /home/novotny/Projects/novmar/meet-vpsfree/meet/.gems/gems/io-console-0.8.0/ext/io/console
make DESTDIR\= sitearchdir\=./.gem.20250313-346074-43hhzg sitelibdir\=./.gem.20250313-346074-43hhzg clean
