{:command=>["deploy"],
 :global_options=>{"c"=>"auto", "color"=>"auto", "help"=>false},
 :command_options=>
  {"y"=>true,
   "yes"=>true,
   "a"=>[],
   "attr"=>[],
   "t"=>[],
   "tag"=>[],
   "g"=>nil,
   "generation"=>nil,
   "max-concurrent-copy"=>5,
   "wait-online"=>"600",
   "j"=>nil,
   "max-jobs"=>nil,
   "show-trace"=>false,
   "i"=>false,
   "interactive"=>false,
   "dry-activate-first"=>false,
   "one-by-one"=>false,
   "copy-only"=>false,
   "reboot"=>false},
 :arguments=>["master0"]}
[810f329d] Running nix-instantiate --eval --json --strict --read-write-mode --arg jsonArg /run/user/1000/confctl20211211-55149-kozeax --max-jobs auto /home/novotny/Projects/novmar/meet-vpsfree/confctl/nix/evaluator.nix
[810f329d] 	error: getting status of '/home/novotny/Projects/novmar/meet-vpsfree/clusters/configs/swpins.nix': No such file or directory
[810f329d] 	(use '--show-trace' to show detailed location information)
[810f329d] 	{"confctl":}
[810f329d] Finished in 0.604 seconds with exit status 1 (failed)
